This is pdfTeX, Version 3.14159265-2.6-1.40.18 (TeX Live 2017/Debian) (preloaded format=pdflatex 2019.12.7)  24 JAN 2021 01:17
entering extended mode
 \write18 enabled.
 file:line:error style messages enabled.
 %&-line parsing enabled.
**/home/amalss18/Desktop/Study/IIT/Sem-8/AE_706/AE_706_assignments/assig1/report/report.tex
(/home/amalss18/Desktop/Study/IIT/Sem-8/AE_706/AE_706_assignments/assig1/report/report.tex
LaTeX2e <2017-04-15>
Babel <3.18> and hyphenation patterns for 84 language(s) loaded.
(/usr/share/texlive/texmf-dist/tex/latex/base/article.cls
Document Class: article 2014/09/29 v1.4h Standard LaTeX document class
(/usr/share/texlive/texmf-dist/tex/latex/base/size11.clo
File: size11.clo 2014/09/29 v1.4h Standard LaTeX file (size option)
)
\c@part=\count79
\c@section=\count80
\c@subsection=\count81
\c@subsubsection=\count82
\c@paragraph=\count83
\c@subparagraph=\count84
\c@figure=\count85
\c@table=\count86
\abovecaptionskip=\skip41
\belowcaptionskip=\skip42
\bibindent=\dimen102
) (/usr/share/texlive/texmf-dist/tex/latex/a4wide/a4wide.sty
Package: a4wide 1994/08/30
 (/usr/share/texlive/texmf-dist/tex/latex/ntgclass/a4.sty
Package: a4 2004/04/15 v1.2g A4 based page layout
)) (/usr/share/texlive/texmf-dist/tex/latex/graphics/graphicx.sty
Package: graphicx 2017/06/01 v1.1a Enhanced LaTeX Graphics (DPC,SPQR)
 (/usr/share/texlive/texmf-dist/tex/latex/graphics/keyval.sty
Package: keyval 2014/10/28 v1.15 key=value parser (DPC)
\KV@toks@=\toks14
) (/usr/share/texlive/texmf-dist/tex/latex/graphics/graphics.sty
Package: graphics 2017/06/25 v1.2c Standard LaTeX Graphics (DPC,SPQR)
 (/usr/share/texlive/texmf-dist/tex/latex/graphics/trig.sty
Package: trig 2016/01/03 v1.10 sin cos tan (DPC)
) (/usr/share/texlive/texmf-dist/tex/latex/graphics-cfg/graphics.cfg
File: graphics.cfg 2016/06/04 v1.11 sample graphics configuration
)
Package graphics Info: Driver file: pdftex.def on input line 99.
 (/usr/share/texlive/texmf-dist/tex/latex/graphics-def/pdftex.def
File: pdftex.def 2018/01/08 v1.0l Graphics/color driver for pdftex
))
\Gin@req@height=\dimen103
\Gin@req@width=\dimen104
) (/usr/share/texlive/texmf-dist/tex/latex/fancyhdr/fancyhdr.sty
Package: fancyhdr 2017/06/30 v3.9a Extensive control of page headers and footers
\f@nch@headwidth=\skip43
\f@nch@O@elh=\skip44
\f@nch@O@erh=\skip45
\f@nch@O@olh=\skip46
\f@nch@O@orh=\skip47
\f@nch@O@elf=\skip48
\f@nch@O@erf=\skip49
\f@nch@O@olf=\skip50
\f@nch@O@orf=\skip51
) (/usr/share/texlive/texmf-dist/tex/latex/clrscode/clrscode.sty
Package: clrscode 2007/03/29 v1.7 format pseudocode
 (/usr/share/texlive/texmf-dist/tex/latex/base/latexsym.sty
Package: latexsym 1998/08/17 v2.2e Standard LaTeX package (lasy symbols)
\symlasy=\mathgroup4
LaTeX Font Info:    Overwriting symbol font `lasy' in version `bold'
(Font)                  U/lasy/m/n --> U/lasy/b/n on input line 52.
)
\c@codelinenumber=\count87
\c@indent=\count88
\digitwidth=\skip52
\savecode=\box26
\codeboxwidth=\skip53
\c@thisindent=\count89
) (/usr/share/texlive/texmf-dist/tex/latex/tools/tabularx.sty
Package: tabularx 2016/02/03 v2.11 `tabularx' package (DPC)
 (/usr/share/texlive/texmf-dist/tex/latex/tools/array.sty
Package: array 2016/10/06 v2.4d Tabular extension package (FMi)
\col@sep=\dimen105
\extrarowheight=\dimen106
\NC@list=\toks15
\extratabsurround=\skip54
\backup@length=\skip55
)
\TX@col@width=\dimen107
\TX@old@table=\dimen108
\TX@old@col=\dimen109
\TX@target=\dimen110
\TX@delta=\dimen111
\TX@cols=\count90
\TX@ftn=\toks16
) (/usr/share/texlive/texmf-dist/tex/latex/amsmath/amsmath.sty
Package: amsmath 2017/09/02 v2.17a AMS math features
\@mathmargin=\skip56

For additional information on amsmath, use the `?' option.
(/usr/share/texlive/texmf-dist/tex/latex/amsmath/amstext.sty
Package: amstext 2000/06/29 v2.01 AMS text
 (/usr/share/texlive/texmf-dist/tex/latex/amsmath/amsgen.sty
File: amsgen.sty 1999/11/30 v2.0 generic functions
\@emptytoks=\toks17
\ex@=\dimen112
)) (/usr/share/texlive/texmf-dist/tex/latex/amsmath/amsbsy.sty
Package: amsbsy 1999/11/29 v1.2d Bold Symbols
\pmbraise@=\dimen113
) (/usr/share/texlive/texmf-dist/tex/latex/amsmath/amsopn.sty
Package: amsopn 2016/03/08 v2.02 operator names
)
\inf@bad=\count91
LaTeX Info: Redefining \frac on input line 213.
\uproot@=\count92
\leftroot@=\count93
LaTeX Info: Redefining \overline on input line 375.
\classnum@=\count94
\DOTSCASE@=\count95
LaTeX Info: Redefining \ldots on input line 472.
LaTeX Info: Redefining \dots on input line 475.
LaTeX Info: Redefining \cdots on input line 596.
\Mathstrutbox@=\box27
\strutbox@=\box28
\big@size=\dimen114
LaTeX Font Info:    Redeclaring font encoding OML on input line 712.
LaTeX Font Info:    Redeclaring font encoding OMS on input line 713.
\macc@depth=\count96
\c@MaxMatrixCols=\count97
\dotsspace@=\muskip10
\c@parentequation=\count98
\dspbrk@lvl=\count99
\tag@help=\toks18
\row@=\count100
\column@=\count101
\maxfields@=\count102
\andhelp@=\toks19
\eqnshift@=\dimen115
\alignsep@=\dimen116
\tagshift@=\dimen117
\tagwidth@=\dimen118
\totwidth@=\dimen119
\lineht@=\dimen120
\@envbody=\toks20
\multlinegap=\skip57
\multlinetaggap=\skip58
\mathdisplay@stack=\toks21
LaTeX Info: Redefining \[ on input line 2817.
LaTeX Info: Redefining \] on input line 2818.
) (/usr/share/texlive/texmf-dist/tex/latex/amsfonts/amssymb.sty
Package: amssymb 2013/01/14 v3.01 AMS font symbols
 (/usr/share/texlive/texmf-dist/tex/latex/amsfonts/amsfonts.sty
Package: amsfonts 2013/01/14 v3.01 Basic AMSFonts support
\symAMSa=\mathgroup5
\symAMSb=\mathgroup6
LaTeX Font Info:    Overwriting math alphabet `\mathfrak' in version `bold'
(Font)                  U/euf/m/n --> U/euf/b/n on input line 106.
)) (/usr/share/texlive/texmf-dist/tex/latex/graphics/color.sty
Package: color 2016/07/10 v1.1e Standard LaTeX Color (DPC)
 (/usr/share/texlive/texmf-dist/tex/latex/graphics-cfg/color.cfg
File: color.cfg 2016/01/02 v1.6 sample color configuration
)
Package color Info: Driver file: pdftex.def on input line 147.
) (/usr/share/texlive/texmf-dist/tex/latex/enumitem/enumitem.sty
Package: enumitem 2011/09/28 v3.5.2 Customized lists
\labelindent=\skip59
\enit@outerparindent=\dimen121
\enit@toks=\toks22
\enit@inbox=\box29
\enitdp@description=\count103
) (/usr/share/texlive/texmf-dist/tex/latex/subfig/subfig.sty
Package: subfig 2005/06/28 ver: 1.3 subfig package
 (/usr/share/texlive/texmf-dist/tex/latex/caption/caption.sty
Package: caption 2016/02/21 v3.3-144 Customizing captions (AR)
 (/usr/share/texlive/texmf-dist/tex/latex/caption/caption3.sty
Package: caption3 2016/05/22 v1.7-166 caption3 kernel (AR)
Package caption3 Info: TeX engine: e-TeX on input line 67.
\captionmargin=\dimen122
\captionmargin@=\dimen123
\captionwidth=\dimen124
\caption@tempdima=\dimen125
\caption@indent=\dimen126
\caption@parindent=\dimen127
\caption@hangindent=\dimen128
)
\c@ContinuedFloat=\count104
)
\c@KVtest=\count105
\sf@farskip=\skip60
\sf@captopadj=\dimen129
\sf@capskip=\skip61
\sf@nearskip=\skip62
\c@subfigure=\count106
\c@subfigure@save=\count107
\c@lofdepth=\count108
\c@subtable=\count109
\c@subtable@save=\count110
\c@lotdepth=\count111
\sf@top=\skip63
\sf@bottom=\skip64
) (/usr/share/texlive/texmf-dist/tex/latex/isodate/isodate.sty
Package: isodate 2010/01/03 v2.30 Print dates with different formats (HH)
 (/usr/share/texlive/texmf-dist/tex/latex/base/ifthen.sty
Package: ifthen 2014/09/29 v1.1c Standard LaTeX ifthen package (DPC)
) (/usr/share/texlive/texmf-dist/tex/latex/substr/substr.sty
Package: substr 2009/10/20 v1.2 Handle substrings
\c@su@anzahl=\count112
) (/usr/share/texlive/texmf-dist/tex/latex/isodate/english.idf
File: english.idf 2010/01/03 v2.30 Language definitions for isodate package (HH)

Define commands for English date format
)
\c@iso@tmpmonth=\count113
\c@iso@yeartwo=\count114
\c@iso@slash=\count115
\c@iso@minus=\count116
\c@iso@dot=\count117
\c@iso@@slash=\count118
\c@iso@@minus=\count119
\c@iso@@dot=\count120
) (./report.aux)
\openout1 = `report.aux'.

LaTeX Font Info:    Checking defaults for OML/cmm/m/it on input line 34.
LaTeX Font Info:    ... okay on input line 34.
LaTeX Font Info:    Checking defaults for T1/cmr/m/n on input line 34.
LaTeX Font Info:    ... okay on input line 34.
LaTeX Font Info:    Checking defaults for OT1/cmr/m/n on input line 34.
LaTeX Font Info:    ... okay on input line 34.
LaTeX Font Info:    Checking defaults for OMS/cmsy/m/n on input line 34.
LaTeX Font Info:    ... okay on input line 34.
LaTeX Font Info:    Checking defaults for OMX/cmex/m/n on input line 34.
LaTeX Font Info:    ... okay on input line 34.
LaTeX Font Info:    Checking defaults for U/cmr/m/n on input line 34.
LaTeX Font Info:    ... okay on input line 34.
 (/usr/share/texlive/texmf-dist/tex/context/base/mkii/supp-pdf.mkii
[Loading MPS to PDF converter (version 2006.09.02).]
\scratchcounter=\count121
\scratchdimen=\dimen130
\scratchbox=\box30
\nofMPsegments=\count122
\nofMParguments=\count123
\everyMPshowfont=\toks23
\MPscratchCnt=\count124
\MPscratchDim=\dimen131
\MPnumerator=\count125
\makeMPintoPDFobject=\count126
\everyMPtoPDFconversion=\toks24
) (/usr/share/texlive/texmf-dist/tex/latex/oberdiek/epstopdf-base.sty
Package: epstopdf-base 2016/05/15 v2.6 Base part for package epstopdf
 (/usr/share/texlive/texmf-dist/tex/generic/oberdiek/infwarerr.sty
Package: infwarerr 2016/05/16 v1.4 Providing info/warning/error messages (HO)
) (/usr/share/texlive/texmf-dist/tex/latex/oberdiek/grfext.sty
Package: grfext 2016/05/16 v1.2 Manage graphics extensions (HO)
 (/usr/share/texlive/texmf-dist/tex/generic/oberdiek/kvdefinekeys.sty
Package: kvdefinekeys 2016/05/16 v1.4 Define keys (HO)
 (/usr/share/texlive/texmf-dist/tex/generic/oberdiek/ltxcmds.sty
Package: ltxcmds 2016/05/16 v1.23 LaTeX kernel commands for general use (HO)
))) (/usr/share/texlive/texmf-dist/tex/latex/oberdiek/kvoptions.sty
Package: kvoptions 2016/05/16 v3.12 Key value format for package options (HO)
 (/usr/share/texlive/texmf-dist/tex/generic/oberdiek/kvsetkeys.sty
Package: kvsetkeys 2016/05/16 v1.17 Key value parser (HO)
 (/usr/share/texlive/texmf-dist/tex/generic/oberdiek/etexcmds.sty
Package: etexcmds 2016/05/16 v1.6 Avoid name clashes with e-TeX commands (HO)
 (/usr/share/texlive/texmf-dist/tex/generic/oberdiek/ifluatex.sty
Package: ifluatex 2016/05/16 v1.4 Provides the ifluatex switch (HO)
Package ifluatex Info: LuaTeX not detected.
)
Package etexcmds Info: Could not find \expanded.
(etexcmds)             That can mean that you are not using pdfTeX 1.50 or
(etexcmds)             that some package has redefined \expanded.
(etexcmds)             In the latter case, load this package earlier.
))) (/usr/share/texlive/texmf-dist/tex/generic/oberdiek/pdftexcmds.sty
Package: pdftexcmds 2018/01/21 v0.26 Utility functions of pdfTeX for LuaTeX (HO)
 (/usr/share/texlive/texmf-dist/tex/generic/oberdiek/ifpdf.sty
Package: ifpdf 2017/03/15 v3.2 Provides the ifpdf switch
)
Package pdftexcmds Info: LuaTeX not detected.
Package pdftexcmds Info: \pdf@primitive is available.
Package pdftexcmds Info: \pdf@ifprimitive is available.
Package pdftexcmds Info: \pdfdraftmode found.
)
Package epstopdf-base Info: Redefining graphics rule for `.eps' on input line 438.
Package grfext Info: Graphics extension search list:
(grfext)             [.pdf,.png,.jpg,.mps,.jpeg,.jbig2,.jb2,.PDF,.PNG,.JPG,.JPEG,.JBIG2,.JB2,.eps]
(grfext)             \AppendGraphicsExtensions on input line 456.
 (/usr/share/texlive/texmf-dist/tex/latex/latexconfig/epstopdf-sys.cfg
File: epstopdf-sys.cfg 2010/07/13 v1.3 Configuration of (r)epstopdf for TeX Live
))
Package caption Info: Begin \AtBeginDocument code.
Package caption Info: subfig package v1.3 is loaded.
Package caption Info: End \AtBeginDocument code.

isodate: babel.sty, (n)german.sty have not been loaded
LaTeX Font Info:    Try loading font information for U+lasy on input line 41.
(/usr/share/texlive/texmf-dist/tex/latex/base/ulasy.fd
File: ulasy.fd 1998/08/17 v2.2e LaTeX symbol font definitions
)
LaTeX Font Info:    Try loading font information for U+msa on input line 41.
 (/usr/share/texlive/texmf-dist/tex/latex/amsfonts/umsa.fd
File: umsa.fd 2013/01/14 v3.01 AMS symbols A
)
LaTeX Font Info:    Try loading font information for U+msb on input line 41.
 (/usr/share/texlive/texmf-dist/tex/latex/amsfonts/umsb.fd
File: umsb.fd 2013/01/14 v3.01 AMS symbols B
)
<../plots/scheme1-IC1-mu0_5.png, id=1, 462.528pt x 346.896pt>
File: ../plots/scheme1-IC1-mu0_5.png Graphic file (type png)
<use ../plots/scheme1-IC1-mu0_5.png>
Package pdftex.def Info: ../plots/scheme1-IC1-mu0_5.png  used on input line 53.
(pdftex.def)             Requested size: 132.79579pt x 78.24406pt.
<../plots/scheme1-IC1-mu1_0.png, id=3, 462.528pt x 346.896pt>
File: ../plots/scheme1-IC1-mu1_0.png Graphic file (type png)
<use ../plots/scheme1-IC1-mu1_0.png>
Package pdftex.def Info: ../plots/scheme1-IC1-mu1_0.png  used on input line 57.
(pdftex.def)             Requested size: 132.79579pt x 78.24406pt.
<../plots/scheme1-IC1-mu1_5.png, id=4, 462.528pt x 346.896pt>
File: ../plots/scheme1-IC1-mu1_5.png Graphic file (type png)
<use ../plots/scheme1-IC1-mu1_5.png>
Package pdftex.def Info: ../plots/scheme1-IC1-mu1_5.png  used on input line 61.
(pdftex.def)             Requested size: 132.79579pt x 78.24406pt.
<../plots/scheme1-IC2-mu0_5.png, id=5, 462.528pt x 346.896pt>
File: ../plots/scheme1-IC2-mu0_5.png Graphic file (type png)
<use ../plots/scheme1-IC2-mu0_5.png>
Package pdftex.def Info: ../plots/scheme1-IC2-mu0_5.png  used on input line 64.
(pdftex.def)             Requested size: 132.79579pt x 78.24406pt.
<../plots/scheme1-IC2-mu1_0.png, id=6, 462.528pt x 346.896pt>
File: ../plots/scheme1-IC2-mu1_0.png Graphic file (type png)
<use ../plots/scheme1-IC2-mu1_0.png>
Package pdftex.def Info: ../plots/scheme1-IC2-mu1_0.png  used on input line 68.
(pdftex.def)             Requested size: 132.79579pt x 78.24406pt.
<../plots/scheme1-IC2-mu1_5.png, id=7, 462.528pt x 346.896pt>
File: ../plots/scheme1-IC2-mu1_5.png Graphic file (type png)
<use ../plots/scheme1-IC2-mu1_5.png>
Package pdftex.def Info: ../plots/scheme1-IC2-mu1_5.png  used on input line 72.
(pdftex.def)             Requested size: 132.79579pt x 78.24406pt.
<../plots/scheme1-IC3-mu0_5.png, id=8, 462.528pt x 346.896pt>
File: ../plots/scheme1-IC3-mu0_5.png Graphic file (type png)
<use ../plots/scheme1-IC3-mu0_5.png>
Package pdftex.def Info: ../plots/scheme1-IC3-mu0_5.png  used on input line 75.
(pdftex.def)             Requested size: 132.79579pt x 78.24406pt.
<../plots/scheme1-IC3-mu1_0.png, id=9, 462.528pt x 346.896pt>
File: ../plots/scheme1-IC3-mu1_0.png Graphic file (type png)
<use ../plots/scheme1-IC3-mu1_0.png>
Package pdftex.def Info: ../plots/scheme1-IC3-mu1_0.png  used on input line 79.
(pdftex.def)             Requested size: 132.79579pt x 78.24406pt.
<../plots/scheme1-IC3-mu1_5.png, id=10, 462.528pt x 346.896pt>
File: ../plots/scheme1-IC3-mu1_5.png Graphic file (type png)
<use ../plots/scheme1-IC3-mu1_5.png>
Package pdftex.def Info: ../plots/scheme1-IC3-mu1_5.png  used on input line 83.
(pdftex.def)             Requested size: 132.79579pt x 78.24406pt.
<../plots/scheme1-IC4-mu0_5.png, id=11, 462.528pt x 346.896pt>
File: ../plots/scheme1-IC4-mu0_5.png Graphic file (type png)
<use ../plots/scheme1-IC4-mu0_5.png>
Package pdftex.def Info: ../plots/scheme1-IC4-mu0_5.png  used on input line 86.
(pdftex.def)             Requested size: 132.79579pt x 78.24406pt.
<../plots/scheme1-IC4-mu1_0.png, id=12, 462.528pt x 346.896pt>
File: ../plots/scheme1-IC4-mu1_0.png Graphic file (type png)
<use ../plots/scheme1-IC4-mu1_0.png>
Package pdftex.def Info: ../plots/scheme1-IC4-mu1_0.png  used on input line 90.
(pdftex.def)             Requested size: 132.79579pt x 78.24406pt.
<../plots/scheme1-IC4-mu1_5.png, id=13, 462.528pt x 346.896pt>
File: ../plots/scheme1-IC4-mu1_5.png Graphic file (type png)
<use ../plots/scheme1-IC4-mu1_5.png>
Package pdftex.def Info: ../plots/scheme1-IC4-mu1_5.png  used on input line 94.
(pdftex.def)             Requested size: 132.79579pt x 78.24406pt.
<../plots/scheme1-IC5-mu0_5.png, id=14, 462.528pt x 346.896pt>
File: ../plots/scheme1-IC5-mu0_5.png Graphic file (type png)
<use ../plots/scheme1-IC5-mu0_5.png>
Package pdftex.def Info: ../plots/scheme1-IC5-mu0_5.png  used on input line 97.
(pdftex.def)             Requested size: 132.79579pt x 78.24406pt.
<../plots/scheme1-IC5-mu1_0.png, id=15, 462.528pt x 346.896pt>
File: ../plots/scheme1-IC5-mu1_0.png Graphic file (type png)
<use ../plots/scheme1-IC5-mu1_0.png>
Package pdftex.def Info: ../plots/scheme1-IC5-mu1_0.png  used on input line 101.
(pdftex.def)             Requested size: 132.79579pt x 78.24406pt.
<../plots/scheme1-IC5-mu1_5.png, id=16, 462.528pt x 346.896pt>
File: ../plots/scheme1-IC5-mu1_5.png Graphic file (type png)
<use ../plots/scheme1-IC5-mu1_5.png>
Package pdftex.def Info: ../plots/scheme1-IC5-mu1_5.png  used on input line 105.
(pdftex.def)             Requested size: 132.79579pt x 78.24406pt.

Overfull \hbox (12.27126pt too wide) in paragraph at lines 50--109
 [][] 
 []

[1{/var/lib/texmf/fonts/map/pdftex/updmap/pdftex.map}

 <../plots/scheme1-IC1-mu0_5.png> <../plots/scheme1-IC1-mu1_0.png> <../plots/scheme1-IC1-mu1_5.png> <../plots/scheme1-IC2-mu0_5.png> <../plots/scheme1-IC2-mu1_0.png> <../plots/scheme1-IC2-mu1_5.png> <../plots/scheme1-IC3-mu0_5.png> <../plots/scheme1-IC3-mu1_0.png> <../plots/scheme1-IC3-mu1_5.png> <../plots/scheme1-IC4-mu0_5.png> <../plots/scheme1-IC4-mu1_0.png> <../plots/scheme1-IC4-mu1_5.png> <../plots/scheme1-IC5-mu0_5.png> <../plots/scheme1-IC5-mu1_0.png> <../plots/scheme1-IC5-mu1_5.png>]
<../plots/scheme2-IC1-mu0_5.png, id=43, 462.528pt x 346.896pt>
File: ../plots/scheme2-IC1-mu0_5.png Graphic file (type png)
<use ../plots/scheme2-IC1-mu0_5.png>
Package pdftex.def Info: ../plots/scheme2-IC1-mu0_5.png  used on input line 121.
(pdftex.def)             Requested size: 132.79579pt x 99.58096pt.
<../plots/scheme2-IC1-mu1_0.png, id=44, 462.528pt x 346.896pt>
File: ../plots/scheme2-IC1-mu1_0.png Graphic file (type png)
<use ../plots/scheme2-IC1-mu1_0.png>
Package pdftex.def Info: ../plots/scheme2-IC1-mu1_0.png  used on input line 125.
(pdftex.def)             Requested size: 132.79579pt x 99.58096pt.
<../plots/scheme2-IC1-mu1_5.png, id=45, 462.528pt x 346.896pt>
File: ../plots/scheme2-IC1-mu1_5.png Graphic file (type png)
<use ../plots/scheme2-IC1-mu1_5.png>
Package pdftex.def Info: ../plots/scheme2-IC1-mu1_5.png  used on input line 129.
(pdftex.def)             Requested size: 132.79579pt x 99.58096pt.
<../plots/scheme2-IC2-mu0_5.png, id=46, 462.528pt x 346.896pt>
File: ../plots/scheme2-IC2-mu0_5.png Graphic file (type png)
<use ../plots/scheme2-IC2-mu0_5.png>
Package pdftex.def Info: ../plots/scheme2-IC2-mu0_5.png  used on input line 132.
(pdftex.def)             Requested size: 132.79579pt x 99.58096pt.
<../plots/scheme2-IC2-mu1_0.png, id=47, 462.528pt x 346.896pt>
File: ../plots/scheme2-IC2-mu1_0.png Graphic file (type png)
<use ../plots/scheme2-IC2-mu1_0.png>
Package pdftex.def Info: ../plots/scheme2-IC2-mu1_0.png  used on input line 136.
(pdftex.def)             Requested size: 132.79579pt x 99.58096pt.
<../plots/scheme2-IC2-mu1_5.png, id=48, 462.528pt x 346.896pt>
File: ../plots/scheme2-IC2-mu1_5.png Graphic file (type png)
<use ../plots/scheme2-IC2-mu1_5.png>
Package pdftex.def Info: ../plots/scheme2-IC2-mu1_5.png  used on input line 140.
(pdftex.def)             Requested size: 132.79579pt x 99.58096pt.
<../plots/scheme2-IC3-mu0_5.png, id=49, 462.528pt x 346.896pt>
File: ../plots/scheme2-IC3-mu0_5.png Graphic file (type png)
<use ../plots/scheme2-IC3-mu0_5.png>
Package pdftex.def Info: ../plots/scheme2-IC3-mu0_5.png  used on input line 143.
(pdftex.def)             Requested size: 132.79579pt x 99.58096pt.
<../plots/scheme2-IC3-mu1_0.png, id=50, 462.528pt x 346.896pt>
File: ../plots/scheme2-IC3-mu1_0.png Graphic file (type png)
<use ../plots/scheme2-IC3-mu1_0.png>
Package pdftex.def Info: ../plots/scheme2-IC3-mu1_0.png  used on input line 147.
(pdftex.def)             Requested size: 132.79579pt x 99.58096pt.
<../plots/scheme2-IC3-mu1_5.png, id=51, 462.528pt x 346.896pt>
File: ../plots/scheme2-IC3-mu1_5.png Graphic file (type png)
<use ../plots/scheme2-IC3-mu1_5.png>
Package pdftex.def Info: ../plots/scheme2-IC3-mu1_5.png  used on input line 151.
(pdftex.def)             Requested size: 132.79579pt x 99.58096pt.
<../plots/scheme2-IC4-mu0_5.png, id=52, 462.528pt x 346.896pt>
File: ../plots/scheme2-IC4-mu0_5.png Graphic file (type png)
<use ../plots/scheme2-IC4-mu0_5.png>
Package pdftex.def Info: ../plots/scheme2-IC4-mu0_5.png  used on input line 154.
(pdftex.def)             Requested size: 132.79579pt x 99.58096pt.
<../plots/scheme2-IC4-mu1_0.png, id=53, 462.528pt x 346.896pt>
File: ../plots/scheme2-IC4-mu1_0.png Graphic file (type png)
<use ../plots/scheme2-IC4-mu1_0.png>
Package pdftex.def Info: ../plots/scheme2-IC4-mu1_0.png  used on input line 158.
(pdftex.def)             Requested size: 132.79579pt x 99.58096pt.
<../plots/scheme2-IC4-mu1_5.png, id=54, 462.528pt x 346.896pt>
File: ../plots/scheme2-IC4-mu1_5.png Graphic file (type png)
<use ../plots/scheme2-IC4-mu1_5.png>
Package pdftex.def Info: ../plots/scheme2-IC4-mu1_5.png  used on input line 162.
(pdftex.def)             Requested size: 132.79579pt x 99.58096pt.
<../plots/scheme2-IC5-mu0_5.png, id=55, 462.528pt x 346.896pt>
File: ../plots/scheme2-IC5-mu0_5.png Graphic file (type png)
<use ../plots/scheme2-IC5-mu0_5.png>
Package pdftex.def Info: ../plots/scheme2-IC5-mu0_5.png  used on input line 165.
(pdftex.def)             Requested size: 132.79579pt x 99.58096pt.
<../plots/scheme2-IC5-mu1_0.png, id=56, 462.528pt x 346.896pt>
File: ../plots/scheme2-IC5-mu1_0.png Graphic file (type png)
<use ../plots/scheme2-IC5-mu1_0.png>
Package pdftex.def Info: ../plots/scheme2-IC5-mu1_0.png  used on input line 169.
(pdftex.def)             Requested size: 132.79579pt x 99.58096pt.
<../plots/scheme2-IC5-mu1_5.png, id=57, 462.528pt x 346.896pt>
File: ../plots/scheme2-IC5-mu1_5.png Graphic file (type png)
<use ../plots/scheme2-IC5-mu1_5.png>
Package pdftex.def Info: ../plots/scheme2-IC5-mu1_5.png  used on input line 173.
(pdftex.def)             Requested size: 132.79579pt x 99.58096pt.

Overfull \hbox (12.27126pt too wide) in paragraph at lines 118--177
 [][] 
 []

[2 <../plots/scheme2-IC1-mu0_5.png> <../plots/scheme2-IC1-mu1_0.png> <../plots/scheme2-IC1-mu1_5.png> <../plots/scheme2-IC2-mu0_5.png> <../plots/scheme2-IC2-mu1_0.png> <../plots/scheme2-IC2-mu1_5.png> <../plots/scheme2-IC3-mu0_5.png> <../plots/scheme2-IC3-mu1_0.png> <../plots/scheme2-IC3-mu1_5.png> <../plots/scheme2-IC4-mu0_5.png> <../plots/scheme2-IC4-mu1_0.png> <../plots/scheme2-IC4-mu1_5.png> <../plots/scheme2-IC5-mu0_5.png> <../plots/scheme2-IC5-mu1_0.png> <../plots/scheme2-IC5-mu1_5.png>]
<../plots/scheme3-IC1-mu0_5.png, id=76, 462.528pt x 346.896pt>
File: ../plots/scheme3-IC1-mu0_5.png Graphic file (type png)
<use ../plots/scheme3-IC1-mu0_5.png>
Package pdftex.def Info: ../plots/scheme3-IC1-mu0_5.png  used on input line 188.
(pdftex.def)             Requested size: 132.79579pt x 99.58096pt.
<../plots/scheme3-IC1-mu1_0.png, id=77, 462.528pt x 346.896pt>
File: ../plots/scheme3-IC1-mu1_0.png Graphic file (type png)
<use ../plots/scheme3-IC1-mu1_0.png>
Package pdftex.def Info: ../plots/scheme3-IC1-mu1_0.png  used on input line 192.
(pdftex.def)             Requested size: 132.79579pt x 99.58096pt.
<../plots/scheme3-IC1-mu1_5.png, id=78, 462.528pt x 346.896pt>
File: ../plots/scheme3-IC1-mu1_5.png Graphic file (type png)
<use ../plots/scheme3-IC1-mu1_5.png>
Package pdftex.def Info: ../plots/scheme3-IC1-mu1_5.png  used on input line 196.
(pdftex.def)             Requested size: 132.79579pt x 99.58096pt.
<../plots/scheme3-IC2-mu0_5.png, id=79, 462.528pt x 346.896pt>
File: ../plots/scheme3-IC2-mu0_5.png Graphic file (type png)
<use ../plots/scheme3-IC2-mu0_5.png>
Package pdftex.def Info: ../plots/scheme3-IC2-mu0_5.png  used on input line 199.
(pdftex.def)             Requested size: 132.79579pt x 99.58096pt.
<../plots/scheme3-IC2-mu1_0.png, id=80, 462.528pt x 346.896pt>
File: ../plots/scheme3-IC2-mu1_0.png Graphic file (type png)
<use ../plots/scheme3-IC2-mu1_0.png>
Package pdftex.def Info: ../plots/scheme3-IC2-mu1_0.png  used on input line 203.
(pdftex.def)             Requested size: 132.79579pt x 99.58096pt.
<../plots/scheme3-IC2-mu1_5.png, id=81, 462.528pt x 346.896pt>
File: ../plots/scheme3-IC2-mu1_5.png Graphic file (type png)
<use ../plots/scheme3-IC2-mu1_5.png>
Package pdftex.def Info: ../plots/scheme3-IC2-mu1_5.png  used on input line 207.
(pdftex.def)             Requested size: 132.79579pt x 99.58096pt.
<../plots/scheme3-IC3-mu0_5.png, id=82, 462.528pt x 346.896pt>
File: ../plots/scheme3-IC3-mu0_5.png Graphic file (type png)
<use ../plots/scheme3-IC3-mu0_5.png>
Package pdftex.def Info: ../plots/scheme3-IC3-mu0_5.png  used on input line 210.
(pdftex.def)             Requested size: 132.79579pt x 99.58096pt.
<../plots/scheme3-IC3-mu1_0.png, id=83, 462.528pt x 346.896pt>
File: ../plots/scheme3-IC3-mu1_0.png Graphic file (type png)
<use ../plots/scheme3-IC3-mu1_0.png>
Package pdftex.def Info: ../plots/scheme3-IC3-mu1_0.png  used on input line 214.
(pdftex.def)             Requested size: 132.79579pt x 99.58096pt.
<../plots/scheme3-IC3-mu1_5.png, id=84, 462.528pt x 346.896pt>
File: ../plots/scheme3-IC3-mu1_5.png Graphic file (type png)
<use ../plots/scheme3-IC3-mu1_5.png>
Package pdftex.def Info: ../plots/scheme3-IC3-mu1_5.png  used on input line 218.
(pdftex.def)             Requested size: 132.79579pt x 99.58096pt.
<../plots/scheme3-IC4-mu0_5.png, id=85, 462.528pt x 346.896pt>
File: ../plots/scheme3-IC4-mu0_5.png Graphic file (type png)
<use ../plots/scheme3-IC4-mu0_5.png>
Package pdftex.def Info: ../plots/scheme3-IC4-mu0_5.png  used on input line 221.
(pdftex.def)             Requested size: 132.79579pt x 99.58096pt.
<../plots/scheme3-IC4-mu1_0.png, id=86, 462.528pt x 346.896pt>
File: ../plots/scheme3-IC4-mu1_0.png Graphic file (type png)
<use ../plots/scheme3-IC4-mu1_0.png>
Package pdftex.def Info: ../plots/scheme3-IC4-mu1_0.png  used on input line 225.
(pdftex.def)             Requested size: 132.79579pt x 99.58096pt.
<../plots/scheme3-IC4-mu1_5.png, id=87, 462.528pt x 346.896pt>
File: ../plots/scheme3-IC4-mu1_5.png Graphic file (type png)
<use ../plots/scheme3-IC4-mu1_5.png>
Package pdftex.def Info: ../plots/scheme3-IC4-mu1_5.png  used on input line 229.
(pdftex.def)             Requested size: 132.79579pt x 99.58096pt.
<../plots/scheme3-IC5-mu0_5.png, id=88, 462.528pt x 346.896pt>
File: ../plots/scheme3-IC5-mu0_5.png Graphic file (type png)
<use ../plots/scheme3-IC5-mu0_5.png>
Package pdftex.def Info: ../plots/scheme3-IC5-mu0_5.png  used on input line 232.
(pdftex.def)             Requested size: 132.79579pt x 99.58096pt.
<../plots/scheme3-IC5-mu1_0.png, id=89, 462.528pt x 346.896pt>
File: ../plots/scheme3-IC5-mu1_0.png Graphic file (type png)
<use ../plots/scheme3-IC5-mu1_0.png>
Package pdftex.def Info: ../plots/scheme3-IC5-mu1_0.png  used on input line 236.
(pdftex.def)             Requested size: 132.79579pt x 99.58096pt.
<../plots/scheme3-IC5-mu1_5.png, id=90, 462.528pt x 346.896pt>
File: ../plots/scheme3-IC5-mu1_5.png Graphic file (type png)
<use ../plots/scheme3-IC5-mu1_5.png>
Package pdftex.def Info: ../plots/scheme3-IC5-mu1_5.png  used on input line 240.
(pdftex.def)             Requested size: 132.79579pt x 99.58096pt.

Overfull \hbox (12.27126pt too wide) in paragraph at lines 185--244
 [][] 
 []

[3 <../plots/scheme3-IC1-mu0_5.png> <../plots/scheme3-IC1-mu1_0.png> <../plots/scheme3-IC1-mu1_5.png> <../plots/scheme3-IC2-mu0_5.png> <../plots/scheme3-IC2-mu1_0.png> <../plots/scheme3-IC2-mu1_5.png> <../plots/scheme3-IC3-mu0_5.png> <../plots/scheme3-IC3-mu1_0.png> <../plots/scheme3-IC3-mu1_5.png> <../plots/scheme3-IC4-mu0_5.png> <../plots/scheme3-IC4-mu1_0.png> <../plots/scheme3-IC4-mu1_5.png> <../plots/scheme3-IC5-mu0_5.png> <../plots/scheme3-IC5-mu1_0.png> <../plots/scheme3-IC5-mu1_5.png>]
<../plots/scheme4-IC1-mu0_5.png, id=109, 462.528pt x 346.896pt>
File: ../plots/scheme4-IC1-mu0_5.png Graphic file (type png)
<use ../plots/scheme4-IC1-mu0_5.png>
Package pdftex.def Info: ../plots/scheme4-IC1-mu0_5.png  used on input line 259.
(pdftex.def)             Requested size: 132.79579pt x 99.58096pt.
<../plots/scheme4-IC1-mu1_0.png, id=110, 462.528pt x 346.896pt>
File: ../plots/scheme4-IC1-mu1_0.png Graphic file (type png)
<use ../plots/scheme4-IC1-mu1_0.png>
Package pdftex.def Info: ../plots/scheme4-IC1-mu1_0.png  used on input line 263.
(pdftex.def)             Requested size: 132.79579pt x 99.58096pt.
<../plots/scheme4-IC1-mu1_5.png, id=111, 462.528pt x 346.896pt>
File: ../plots/scheme4-IC1-mu1_5.png Graphic file (type png)
<use ../plots/scheme4-IC1-mu1_5.png>
Package pdftex.def Info: ../plots/scheme4-IC1-mu1_5.png  used on input line 267.
(pdftex.def)             Requested size: 132.79579pt x 99.58096pt.
<../plots/scheme4-IC2-mu0_5.png, id=112, 462.528pt x 346.896pt>
File: ../plots/scheme4-IC2-mu0_5.png Graphic file (type png)
<use ../plots/scheme4-IC2-mu0_5.png>
Package pdftex.def Info: ../plots/scheme4-IC2-mu0_5.png  used on input line 270.
(pdftex.def)             Requested size: 132.79579pt x 99.58096pt.
<../plots/scheme4-IC2-mu1_0.png, id=113, 462.528pt x 346.896pt>
File: ../plots/scheme4-IC2-mu1_0.png Graphic file (type png)
<use ../plots/scheme4-IC2-mu1_0.png>
Package pdftex.def Info: ../plots/scheme4-IC2-mu1_0.png  used on input line 274.
(pdftex.def)             Requested size: 132.79579pt x 99.58096pt.
<../plots/scheme4-IC2-mu1_5.png, id=114, 462.528pt x 346.896pt>
File: ../plots/scheme4-IC2-mu1_5.png Graphic file (type png)
<use ../plots/scheme4-IC2-mu1_5.png>
Package pdftex.def Info: ../plots/scheme4-IC2-mu1_5.png  used on input line 278.
(pdftex.def)             Requested size: 132.79579pt x 99.58096pt.
<../plots/scheme4-IC3-mu0_5.png, id=115, 462.528pt x 346.896pt>
File: ../plots/scheme4-IC3-mu0_5.png Graphic file (type png)
<use ../plots/scheme4-IC3-mu0_5.png>
Package pdftex.def Info: ../plots/scheme4-IC3-mu0_5.png  used on input line 281.
(pdftex.def)             Requested size: 132.79579pt x 99.58096pt.
<../plots/scheme4-IC3-mu1_0.png, id=116, 462.528pt x 346.896pt>
File: ../plots/scheme4-IC3-mu1_0.png Graphic file (type png)
<use ../plots/scheme4-IC3-mu1_0.png>
Package pdftex.def Info: ../plots/scheme4-IC3-mu1_0.png  used on input line 285.
(pdftex.def)             Requested size: 132.79579pt x 99.58096pt.
<../plots/scheme4-IC3-mu1_5.png, id=117, 462.528pt x 346.896pt>
File: ../plots/scheme4-IC3-mu1_5.png Graphic file (type png)
<use ../plots/scheme4-IC3-mu1_5.png>
Package pdftex.def Info: ../plots/scheme4-IC3-mu1_5.png  used on input line 289.
(pdftex.def)             Requested size: 132.79579pt x 99.58096pt.
<../plots/scheme4-IC4-mu0_5.png, id=118, 462.528pt x 346.896pt>
File: ../plots/scheme4-IC4-mu0_5.png Graphic file (type png)
<use ../plots/scheme4-IC4-mu0_5.png>
Package pdftex.def Info: ../plots/scheme4-IC4-mu0_5.png  used on input line 292.
(pdftex.def)             Requested size: 132.79579pt x 99.58096pt.
<../plots/scheme4-IC4-mu1_0.png, id=119, 462.528pt x 346.896pt>
File: ../plots/scheme4-IC4-mu1_0.png Graphic file (type png)
<use ../plots/scheme4-IC4-mu1_0.png>
Package pdftex.def Info: ../plots/scheme4-IC4-mu1_0.png  used on input line 296.
(pdftex.def)             Requested size: 132.79579pt x 99.58096pt.
<../plots/scheme4-IC4-mu1_5.png, id=120, 462.528pt x 346.896pt>
File: ../plots/scheme4-IC4-mu1_5.png Graphic file (type png)
<use ../plots/scheme4-IC4-mu1_5.png>
Package pdftex.def Info: ../plots/scheme4-IC4-mu1_5.png  used on input line 300.
(pdftex.def)             Requested size: 132.79579pt x 99.58096pt.
<../plots/scheme4-IC5-mu0_5.png, id=121, 462.528pt x 346.896pt>
File: ../plots/scheme4-IC5-mu0_5.png Graphic file (type png)
<use ../plots/scheme4-IC5-mu0_5.png>
Package pdftex.def Info: ../plots/scheme4-IC5-mu0_5.png  used on input line 303.
(pdftex.def)             Requested size: 132.79579pt x 99.58096pt.
<../plots/scheme4-IC5-mu1_0.png, id=122, 462.528pt x 346.896pt>
File: ../plots/scheme4-IC5-mu1_0.png Graphic file (type png)
<use ../plots/scheme4-IC5-mu1_0.png>
Package pdftex.def Info: ../plots/scheme4-IC5-mu1_0.png  used on input line 307.
(pdftex.def)             Requested size: 132.79579pt x 99.58096pt.
<../plots/scheme4-IC5-mu1_5.png, id=123, 462.528pt x 346.896pt>
File: ../plots/scheme4-IC5-mu1_5.png Graphic file (type png)
<use ../plots/scheme4-IC5-mu1_5.png>
Package pdftex.def Info: ../plots/scheme4-IC5-mu1_5.png  used on input line 311.
(pdftex.def)             Requested size: 132.79579pt x 99.58096pt.

Overfull \hbox (12.27126pt too wide) in paragraph at lines 256--315
 [][] 
 []

[4 <../plots/scheme4-IC1-mu0_5.png> <../plots/scheme4-IC1-mu1_0.png> <../plots/scheme4-IC1-mu1_5.png> <../plots/scheme4-IC2-mu0_5.png> <../plots/scheme4-IC2-mu1_0.png> <../plots/scheme4-IC2-mu1_5.png> <../plots/scheme4-IC3-mu0_5.png> <../plots/scheme4-IC3-mu1_0.png> <../plots/scheme4-IC3-mu1_5.png> <../plots/scheme4-IC4-mu0_5.png> <../plots/scheme4-IC4-mu1_0.png> <../plots/scheme4-IC4-mu1_5.png> <../plots/scheme4-IC5-mu0_5.png> <../plots/scheme4-IC5-mu1_0.png> <../plots/scheme4-IC5-mu1_5.png>]
<../plots/scheme5-IC1-mu0_5.png, id=142, 462.528pt x 346.896pt>
File: ../plots/scheme5-IC1-mu0_5.png Graphic file (type png)
<use ../plots/scheme5-IC1-mu0_5.png>
Package pdftex.def Info: ../plots/scheme5-IC1-mu0_5.png  used on input line 330.
(pdftex.def)             Requested size: 132.79579pt x 99.58096pt.
<../plots/scheme5-IC1-mu1_0.png, id=143, 462.528pt x 346.896pt>
File: ../plots/scheme5-IC1-mu1_0.png Graphic file (type png)
<use ../plots/scheme5-IC1-mu1_0.png>
Package pdftex.def Info: ../plots/scheme5-IC1-mu1_0.png  used on input line 334.
(pdftex.def)             Requested size: 132.79579pt x 99.58096pt.
<../plots/scheme5-IC1-mu1_5.png, id=144, 462.528pt x 346.896pt>
File: ../plots/scheme5-IC1-mu1_5.png Graphic file (type png)
<use ../plots/scheme5-IC1-mu1_5.png>
Package pdftex.def Info: ../plots/scheme5-IC1-mu1_5.png  used on input line 338.
(pdftex.def)             Requested size: 132.79579pt x 99.58096pt.
<../plots/scheme5-IC2-mu0_5.png, id=145, 462.528pt x 346.896pt>
File: ../plots/scheme5-IC2-mu0_5.png Graphic file (type png)
<use ../plots/scheme5-IC2-mu0_5.png>
Package pdftex.def Info: ../plots/scheme5-IC2-mu0_5.png  used on input line 341.
(pdftex.def)             Requested size: 132.79579pt x 99.58096pt.
<../plots/scheme5-IC2-mu1_0.png, id=146, 462.528pt x 346.896pt>
File: ../plots/scheme5-IC2-mu1_0.png Graphic file (type png)
<use ../plots/scheme5-IC2-mu1_0.png>
Package pdftex.def Info: ../plots/scheme5-IC2-mu1_0.png  used on input line 345.
(pdftex.def)             Requested size: 132.79579pt x 99.58096pt.
<../plots/scheme5-IC2-mu1_5.png, id=147, 462.528pt x 346.896pt>
File: ../plots/scheme5-IC2-mu1_5.png Graphic file (type png)
<use ../plots/scheme5-IC2-mu1_5.png>
Package pdftex.def Info: ../plots/scheme5-IC2-mu1_5.png  used on input line 349.
(pdftex.def)             Requested size: 132.79579pt x 99.58096pt.
<../plots/scheme5-IC3-mu0_5.png, id=148, 462.528pt x 346.896pt>
File: ../plots/scheme5-IC3-mu0_5.png Graphic file (type png)
<use ../plots/scheme5-IC3-mu0_5.png>
Package pdftex.def Info: ../plots/scheme5-IC3-mu0_5.png  used on input line 352.
(pdftex.def)             Requested size: 132.79579pt x 99.58096pt.
<../plots/scheme5-IC3-mu1_0.png, id=149, 462.528pt x 346.896pt>
File: ../plots/scheme5-IC3-mu1_0.png Graphic file (type png)
<use ../plots/scheme5-IC3-mu1_0.png>
Package pdftex.def Info: ../plots/scheme5-IC3-mu1_0.png  used on input line 356.
(pdftex.def)             Requested size: 132.79579pt x 99.58096pt.
<../plots/scheme5-IC3-mu1_5.png, id=150, 462.528pt x 346.896pt>
File: ../plots/scheme5-IC3-mu1_5.png Graphic file (type png)
<use ../plots/scheme5-IC3-mu1_5.png>
Package pdftex.def Info: ../plots/scheme5-IC3-mu1_5.png  used on input line 360.
(pdftex.def)             Requested size: 132.79579pt x 99.58096pt.
<../plots/scheme5-IC4-mu0_5.png, id=151, 462.528pt x 346.896pt>
File: ../plots/scheme5-IC4-mu0_5.png Graphic file (type png)
<use ../plots/scheme5-IC4-mu0_5.png>
Package pdftex.def Info: ../plots/scheme5-IC4-mu0_5.png  used on input line 363.
(pdftex.def)             Requested size: 132.79579pt x 99.58096pt.
<../plots/scheme5-IC4-mu1_0.png, id=152, 462.528pt x 346.896pt>
File: ../plots/scheme5-IC4-mu1_0.png Graphic file (type png)
<use ../plots/scheme5-IC4-mu1_0.png>
Package pdftex.def Info: ../plots/scheme5-IC4-mu1_0.png  used on input line 367.
(pdftex.def)             Requested size: 132.79579pt x 99.58096pt.
<../plots/scheme5-IC4-mu1_5.png, id=153, 462.528pt x 346.896pt>
File: ../plots/scheme5-IC4-mu1_5.png Graphic file (type png)
<use ../plots/scheme5-IC4-mu1_5.png>
Package pdftex.def Info: ../plots/scheme5-IC4-mu1_5.png  used on input line 371.
(pdftex.def)             Requested size: 132.79579pt x 99.58096pt.
<../plots/scheme5-IC5-mu0_5.png, id=154, 462.528pt x 346.896pt>
File: ../plots/scheme5-IC5-mu0_5.png Graphic file (type png)
<use ../plots/scheme5-IC5-mu0_5.png>
Package pdftex.def Info: ../plots/scheme5-IC5-mu0_5.png  used on input line 374.
(pdftex.def)             Requested size: 132.79579pt x 99.58096pt.
<../plots/scheme5-IC5-mu1_0.png, id=155, 462.528pt x 346.896pt>
File: ../plots/scheme5-IC5-mu1_0.png Graphic file (type png)
<use ../plots/scheme5-IC5-mu1_0.png>
Package pdftex.def Info: ../plots/scheme5-IC5-mu1_0.png  used on input line 378.
(pdftex.def)             Requested size: 132.79579pt x 99.58096pt.
<../plots/scheme5-IC5-mu1_5.png, id=156, 462.528pt x 346.896pt>
File: ../plots/scheme5-IC5-mu1_5.png Graphic file (type png)
<use ../plots/scheme5-IC5-mu1_5.png>
Package pdftex.def Info: ../plots/scheme5-IC5-mu1_5.png  used on input line 382.
(pdftex.def)             Requested size: 132.79579pt x 99.58096pt.

Overfull \hbox (12.27126pt too wide) in paragraph at lines 327--386
 [][] 
 []

[5 <../plots/scheme5-IC1-mu0_5.png> <../plots/scheme5-IC1-mu1_0.png> <../plots/scheme5-IC1-mu1_5.png> <../plots/scheme5-IC2-mu0_5.png> <../plots/scheme5-IC2-mu1_0.png> <../plots/scheme5-IC2-mu1_5.png> <../plots/scheme5-IC3-mu0_5.png> <../plots/scheme5-IC3-mu1_0.png> <../plots/scheme5-IC3-mu1_5.png> <../plots/scheme5-IC4-mu0_5.png> <../plots/scheme5-IC4-mu1_0.png> <../plots/scheme5-IC4-mu1_5.png> <../plots/scheme5-IC5-mu0_5.png> <../plots/scheme5-IC5-mu1_0.png> <../plots/scheme5-IC5-mu1_5.png>]
<../plots/scheme6-IC1-mu0_5.png, id=175, 462.528pt x 346.896pt>
File: ../plots/scheme6-IC1-mu0_5.png Graphic file (type png)
<use ../plots/scheme6-IC1-mu0_5.png>
Package pdftex.def Info: ../plots/scheme6-IC1-mu0_5.png  used on input line 400.
(pdftex.def)             Requested size: 132.79579pt x 99.58096pt.
<../plots/scheme6-IC1-mu1_0.png, id=176, 462.528pt x 346.896pt>
File: ../plots/scheme6-IC1-mu1_0.png Graphic file (type png)
<use ../plots/scheme6-IC1-mu1_0.png>
Package pdftex.def Info: ../plots/scheme6-IC1-mu1_0.png  used on input line 404.
(pdftex.def)             Requested size: 132.79579pt x 99.58096pt.
<../plots/scheme6-IC1-mu1_5.png, id=177, 462.528pt x 346.896pt>
File: ../plots/scheme6-IC1-mu1_5.png Graphic file (type png)
<use ../plots/scheme6-IC1-mu1_5.png>
Package pdftex.def Info: ../plots/scheme6-IC1-mu1_5.png  used on input line 408.
(pdftex.def)             Requested size: 132.79579pt x 99.58096pt.
<../plots/scheme6-IC2-mu0_5.png, id=178, 462.528pt x 346.896pt>
File: ../plots/scheme6-IC2-mu0_5.png Graphic file (type png)
<use ../plots/scheme6-IC2-mu0_5.png>
Package pdftex.def Info: ../plots/scheme6-IC2-mu0_5.png  used on input line 411.
(pdftex.def)             Requested size: 132.79579pt x 99.58096pt.
<../plots/scheme6-IC2-mu1_0.png, id=179, 462.528pt x 346.896pt>
File: ../plots/scheme6-IC2-mu1_0.png Graphic file (type png)
<use ../plots/scheme6-IC2-mu1_0.png>
Package pdftex.def Info: ../plots/scheme6-IC2-mu1_0.png  used on input line 415.
(pdftex.def)             Requested size: 132.79579pt x 99.58096pt.
<../plots/scheme6-IC2-mu1_5.png, id=180, 462.528pt x 346.896pt>
File: ../plots/scheme6-IC2-mu1_5.png Graphic file (type png)
<use ../plots/scheme6-IC2-mu1_5.png>
Package pdftex.def Info: ../plots/scheme6-IC2-mu1_5.png  used on input line 419.
(pdftex.def)             Requested size: 132.79579pt x 99.58096pt.
<../plots/scheme6-IC3-mu0_5.png, id=181, 462.528pt x 346.896pt>
File: ../plots/scheme6-IC3-mu0_5.png Graphic file (type png)
<use ../plots/scheme6-IC3-mu0_5.png>
Package pdftex.def Info: ../plots/scheme6-IC3-mu0_5.png  used on input line 422.
(pdftex.def)             Requested size: 132.79579pt x 99.58096pt.
<../plots/scheme6-IC3-mu1_0.png, id=182, 462.528pt x 346.896pt>
File: ../plots/scheme6-IC3-mu1_0.png Graphic file (type png)
<use ../plots/scheme6-IC3-mu1_0.png>
Package pdftex.def Info: ../plots/scheme6-IC3-mu1_0.png  used on input line 426.
(pdftex.def)             Requested size: 132.79579pt x 99.58096pt.
<../plots/scheme6-IC3-mu1_5.png, id=183, 462.528pt x 346.896pt>
File: ../plots/scheme6-IC3-mu1_5.png Graphic file (type png)
<use ../plots/scheme6-IC3-mu1_5.png>
Package pdftex.def Info: ../plots/scheme6-IC3-mu1_5.png  used on input line 430.
(pdftex.def)             Requested size: 132.79579pt x 99.58096pt.
<../plots/scheme6-IC4-mu0_5.png, id=184, 462.528pt x 346.896pt>
File: ../plots/scheme6-IC4-mu0_5.png Graphic file (type png)
<use ../plots/scheme6-IC4-mu0_5.png>
Package pdftex.def Info: ../plots/scheme6-IC4-mu0_5.png  used on input line 433.
(pdftex.def)             Requested size: 132.79579pt x 99.58096pt.
<../plots/scheme6-IC4-mu1_0.png, id=185, 462.528pt x 346.896pt>
File: ../plots/scheme6-IC4-mu1_0.png Graphic file (type png)
<use ../plots/scheme6-IC4-mu1_0.png>
Package pdftex.def Info: ../plots/scheme6-IC4-mu1_0.png  used on input line 437.
(pdftex.def)             Requested size: 132.79579pt x 99.58096pt.
<../plots/scheme6-IC4-mu1_5.png, id=186, 462.528pt x 346.896pt>
File: ../plots/scheme6-IC4-mu1_5.png Graphic file (type png)
<use ../plots/scheme6-IC4-mu1_5.png>
Package pdftex.def Info: ../plots/scheme6-IC4-mu1_5.png  used on input line 441.
(pdftex.def)             Requested size: 132.79579pt x 99.58096pt.
<../plots/scheme6-IC5-mu0_5.png, id=187, 462.528pt x 346.896pt>
File: ../plots/scheme6-IC5-mu0_5.png Graphic file (type png)
<use ../plots/scheme6-IC5-mu0_5.png>
Package pdftex.def Info: ../plots/scheme6-IC5-mu0_5.png  used on input line 444.
(pdftex.def)             Requested size: 132.79579pt x 99.58096pt.
<../plots/scheme6-IC5-mu1_0.png, id=188, 462.528pt x 346.896pt>
File: ../plots/scheme6-IC5-mu1_0.png Graphic file (type png)
<use ../plots/scheme6-IC5-mu1_0.png>
Package pdftex.def Info: ../plots/scheme6-IC5-mu1_0.png  used on input line 448.
(pdftex.def)             Requested size: 132.79579pt x 99.58096pt.
<../plots/scheme6-IC5-mu1_5.png, id=189, 462.528pt x 346.896pt>
File: ../plots/scheme6-IC5-mu1_5.png Graphic file (type png)
<use ../plots/scheme6-IC5-mu1_5.png>
Package pdftex.def Info: ../plots/scheme6-IC5-mu1_5.png  used on input line 452.
(pdftex.def)             Requested size: 132.79579pt x 99.58096pt.

Overfull \hbox (12.27126pt too wide) in paragraph at lines 397--456
 [][] 
 []

[6 <../plots/scheme6-IC1-mu0_5.png> <../plots/scheme6-IC1-mu1_0.png> <../plots/scheme6-IC1-mu1_5.png> <../plots/scheme6-IC2-mu0_5.png> <../plots/scheme6-IC2-mu1_0.png> <../plots/scheme6-IC2-mu1_5.png> <../plots/scheme6-IC3-mu0_5.png> <../plots/scheme6-IC3-mu1_0.png> <../plots/scheme6-IC3-mu1_5.png> <../plots/scheme6-IC4-mu0_5.png> <../plots/scheme6-IC4-mu1_0.png> <../plots/scheme6-IC4-mu1_5.png> <../plots/scheme6-IC5-mu0_5.png> <../plots/scheme6-IC5-mu1_0.png> <../plots/scheme6-IC5-mu1_5.png>] [7] (./report.aux) ) 
Here is how much of TeX's memory you used:
 4948 strings out of 492982
 80975 string characters out of 6134896
 133100 words of memory out of 5000000
 8330 multiletter control sequences out of 15000+600000
 11462 words of font info for 46 fonts, out of 8000000 for 9000
 1141 hyphenation exceptions out of 8191
 44i,17n,43p,437b,398s stack positions out of 5000i,500n,10000p,200000b,80000s
</usr/share/texlive/texmf-dist/fonts/type1/public/amsfonts/cm/cmbx12.pfb></usr/share/texlive/texmf-dist/fonts/type1/public/amsfonts/cm/cmr10.pfb></usr/share/texlive/texmf-dist/fonts/type1/public/amsfonts/cm/cmr12.pfb></usr/share/texlive/texmf-dist/fonts/type1/public/amsfonts/cm/cmr17.pfb></usr/share/texlive/texmf-dist/fonts/type1/public/amsfonts/cm/cmss10.pfb></usr/share/texlive/texmf-dist/fonts/type1/public/amsfonts/cm/cmssbx10.pfb>
Output written on report.pdf (7 pages, 2555868 bytes).
PDF statistics:
 233 PDF objects out of 1000 (max. 8388607)
 37 compressed objects within 1 object stream
 0 named destinations out of 1000 (max. 500000)
 451 words of extra memory for PDF output out of 10000 (max. 10000000)

